<?xml version="1.0" encoding="UTF-8"?>
<!-- Generated by org.testng.reporters.JUnitReportReporter -->
<testsuite hostname="DESKTOP-6Q4RJ04" failures="0" tests="3" name="ListenersPractice.Listener" time="0.016" errors="0" timestamp="2022-07-20T21:12:55 IST" skipped="0">
  <testcase classname="ListenersPractice.Listener" name="one" time="0.013"/>
  <system-out/>
  <testcase classname="ListenersPractice.Listener" name="three" time="0.002"/>
  <system-out/>
  <testcase classname="ListenersPractice.Listener" name="two" time="0.001"/>
  <system-out/>
</testsuite> <!-- ListenersPractice.Listener -->
