<?xml version="1.0" encoding="UTF-8"?>
<!-- Generated by org.testng.reporters.JUnitReportReporter -->
<testsuite hostname="DESKTOP-6Q4RJ04" failures="0" tests="4" name="TestNGPractice2.Third" time="0.007" errors="0" timestamp="2022-07-17T19:00:44 IST" skipped="0">
  <testcase classname="TestNGPractice2.Third" name="FSFDeleteListing" time="0.002"/>
  <system-out/>
  <testcase classname="TestNGPractice2.Third" name="FSFCreateListing" time="0.002"/>
  <system-out/>
  <testcase classname="TestNGPractice2.Third" name="FSFSearch" time="0.001"/>
  <system-out/>
  <testcase classname="TestNGPractice2.Third" name="FSFSeeAll" time="0.002"/>
  <system-out/>
</testsuite> <!-- TestNGPractice2.Third -->
