<?xml version="1.0" encoding="UTF-8"?>
<!-- Generated by org.testng.reporters.JUnitReportReporter -->
<testsuite hostname="DESKTOP-6Q4RJ04" failures="0" tests="4" name="TestNGPractice2.Second" time="0.004" errors="0" timestamp="2022-07-17T19:00:44 IST" skipped="0">
  <testcase classname="TestNGPractice2.Second" name="HomeFeedSearch" time="0.001"/>
  <system-out/>
  <testcase classname="TestNGPractice2.Second" name="HomeFeedMoreMenu" time="0.001"/>
  <system-out/>
  <testcase classname="TestNGPractice2.Second" name="HomeFeedLikePost" time="0.001"/>
  <system-out/>
  <testcase classname="TestNGPractice2.Second" name="HomeFeedCommentPost" time="0.001"/>
  <system-out/>
</testsuite> <!-- TestNGPractice2.Second -->
